<?xml version="1.0" encoding="UTF-8"?>
<testng-results skipped="0" failed="0" ignored="0" total="1" passed="1">
  <reporter-output>
  </reporter-output>
  <suite name="Amazon AutomationTest " duration-ms="17583" started-at="2018-09-21T02:34:12Z" finished-at="2018-09-21T02:34:30Z">
    <groups>
    </groups>
    <test name="Amazon Search button" duration-ms="17583" started-at="2018-09-21T02:34:12Z" finished-at="2018-09-21T02:34:30Z">
      <class name="search.InputSearch">
        <test-method status="PASS" signature="setUp(java.lang.String)[pri:0, instance:search.InputSearch@a7e666]" name="setUp" is-config="true" duration-ms="14777" started-at="2018-09-21T02:34:12Z" finished-at="2018-09-21T02:34:27Z">
          <params>
            <param index="0">
              <value>
                <![CDATA[http://www.amazon.com]]>
              </value>
            </param>
          </params>
          <reporter-output>
          </reporter-output>
        </test-method> <!-- setUp -->
        <test-method status="PASS" signature="search()[pri:0, instance:search.InputSearch@a7e666]" name="search" duration-ms="166" started-at="2018-09-21T02:34:27Z" finished-at="2018-09-21T02:34:27Z">
          <reporter-output>
          </reporter-output>
        </test-method> <!-- search -->
        <test-method status="PASS" signature="cleanUp()[pri:0, instance:search.InputSearch@a7e666]" name="cleanUp" is-config="true" duration-ms="2615" started-at="2018-09-21T02:34:27Z" finished-at="2018-09-21T02:34:30Z">
          <reporter-output>
          </reporter-output>
        </test-method> <!-- cleanUp -->
      </class> <!-- search.InputSearch -->
    </test> <!-- Amazon Search button -->
  </suite> <!-- Amazon AutomationTest  -->
</testng-results>
