-------------------------------------------------------------------------------
Test set: TestSuite
-------------------------------------------------------------------------------
Tests run: 1, Failures: 1, Errors: 0, Skipped: 0, Time elapsed: 28.275 s <<< FAILURE! - in TestSuite
readMenuText(Menu.MenuPage)  Time elapsed: 5.762 s  <<< FAILURE!
java.lang.AssertionError: lists don't have the same size expected [0] but found [50]
	at Menu.MenuPage.readMenuText(MenuPage.java:26)

